SET IRMethod, name = retrieve instanceMethod = false
BB 1
	outgoing: 3 2 
	datadep: 
	instructions:
BB 2
	outgoing: 3 
	datadep: 
	instructions:
		 0: def_%self 
		 1: def_%v_0 
		 2: COPY TYPE_CurrentScope def_%current_scope 
		 3: COPY TYPE_ScopeModule def_%current_module 
		 4: 
		 5: RECEIVEARG def_bid 
		 6: Line Number 4
		 7: HASH-id- def_%v_3 bid[2.5,] 
		 8: %self->where def_%v_4 %self[2.0,] %v_3[2.7,] 	 SYMBOL:	 ARGS:%v_3,
		 9: %v_4->first def_%v_5 %v_4[2.8,] 	 SYMBOL:	 ARGS:
		 10: RETURN %v_5[2.9,] %self[2.0,2.8,] 
BB 3
	outgoing: 
	datadep: 
	instructions:

SET IRMethod, name = blogByCategory instanceMethod = false
BB 1
	outgoing: 3 2 
	datadep: 
	instructions:
BB 2
	outgoing: 3 
	datadep: 
	instructions:
		 0: def_%self 
		 1: def_%v_0 
		 2: COPY TYPE_CurrentScope def_%current_scope 
		 3: COPY TYPE_ScopeModule def_%current_module 
		 4: 
		 5: RECEIVEARG def_category 
		 6: Line Number 7
		 7: COPY TYPE_Array def_%v_3 
		 8: COPY TYPE_PASS def_con %v_3[2.7,] 
		 9: Line Number 8
		 10: %self->extractBlogs def_%v_4 %self[2.0,] category[2.5,] 	 SYMBOL:	 ARGS:category,
		 11: COPY TYPE_PASS def_blogs %v_4[2.10,] 
		 12: RETURN %v_4[2.10,] %self[2.0,2.10,] 
BB 3
	outgoing: 
	datadep: 
	instructions:

SET IRMethod, name = extractBlogs instanceMethod = false
BB 1
	outgoing: 9 2 
	datadep: 
	instructions:
BB 2
	outgoing: 3 4 
	datadep: 
	instructions:
		 0: def_%self 
		 1: def_%v_0 
		 2: COPY TYPE_CurrentScope def_%current_scope 
		 3: COPY TYPE_ScopeModule def_%current_module 
		 4: 
		 5: RECEIVECONSTARG def_category 
		 6: category[2.5,] 
BB 3
	outgoing: 4 
	datadep: 
	instructions:
		 0: COPY TYPE_Nil def_category 
BB 4
	outgoing: 5 6 
	datadep: 
	instructions:
		 0: Line Number 11
		 1: COPY TYPE_Nil def_blogs 
		 2: Line Number 12
		 3: COPY TYPE_Array def_%v_3 
		 4: COPY TYPE_PASS def_ids %v_3[4.3,] 
		 5: Line Number 13
		 6: %v_3->each def_%v_4 %v_3[4.3,] %self[2.0,] 	 SYMBOL:	 ARGS:%v_3,
CLOSURE BEGIN: id[] 
BB 1
	outgoing: 6 2 
	datadep: 
	instructions:
BB 2
	outgoing: 3 
	datadep: 
	instructions:
		 0: def_%self 
		 1: def_%cl_1_0 
		 2: RECEIVEARG def_id 
		 3: COPY TYPE_CurrentScope def_%current_scope 
		 4: COPY TYPE_ScopeModule def_%current_module 
BB 3
	outgoing: 4 6 
	datadep: 
	instructions:
		 0: Line Number 14
		 1: (Blog) def_%cl_1_3 
		 2: %cl_1_3->find def_%cl_1_4 %cl_1_3[3.1,] id[2.2,] 	 SYMBOL:	 ARGS:id,
		 3: RETURN %cl_1_4[3.2,] %self[2.0,] 
BB 4
	outgoing: 6 
	datadep: 
	instructions:
		 0: def_%cl_1_5 
		 1: def_%cl_1_6 %cl_1_5[4.0,] 
		 2: RETURN %cl_1_6[4.1,] %self[2.0,] 
BB 6
	outgoing: 
	datadep: 
	instructions:
CLOSURE END: 
		 7: Line Number 16
		 8: BRANCH category[3.0,2.5,] 
BB 5
	outgoing: 7 
	datadep: 
	instructions:
		 0: Line Number 17
		 1: (Blog) def_%v_5 
		 2: HASH-category- def_%v_6 category[3.0,2.5,] 
		 3: %v_5->where def_%v_7 %v_5[5.1,] %v_6[5.2,] 	 SYMBOL:	 ARGS:%v_6,
		 4: %v_7->reload def_%v_8 %v_7[5.3,] 	 SYMBOL:	 ARGS:
		 5: %v_8->reject def_%v_9 %v_8[5.4,] %self[2.0,] 	 SYMBOL:	 ARGS:%v_8,
CLOSURE BEGIN: blog[] 
BB 1
	outgoing: 6 2 
	datadep: 
	instructions:
BB 2
	outgoing: 3 
	datadep: 
	instructions:
		 0: def_%self 
		 1: def_%cl_2_0 
		 2: RECEIVEARG def_blog 
		 3: COPY TYPE_CurrentScope def_%current_scope 
		 4: COPY TYPE_ScopeModule def_%current_module 
BB 3
	outgoing: 4 6 
	datadep: 
	instructions:
		 0: Line Number 17
		 1: blog->user_id def_%cl_2_3 blog[2.2,] 	 SYMBOL:	 ARGS:
		 2: %cl_2_3->== def_%cl_2_4 %cl_2_3[3.1,] 	 SYMBOL:	 ARGS:Nil,
		 3: RETURN %cl_2_4[3.2,] %self[2.0,] 
BB 4
	outgoing: 6 
	datadep: 
	instructions:
		 0: def_%cl_2_5 
		 1: def_%cl_2_6 %cl_2_5[4.0,] 
		 2: RETURN %cl_2_6[4.1,] %self[2.0,] 
BB 6
	outgoing: 
	datadep: 
	instructions:
CLOSURE END: 
		 6: COPY TYPE_PASS def_blogs %v_9[5.5,] 
		 7: 
BB 6
	outgoing: 7 
	datadep: 
	instructions:
		 0: COPY TYPE_Nil def_%v_9 
BB 7
	outgoing: 9 
	datadep: 
	instructions:
		 0: Line Number 19
		 1: RETURN blogs[5.6,4.1,] %self[2.0,] 
BB 9
	outgoing: 
	datadep: 
	instructions:

