  Query Trace > /app/models/blog.rb:15:in `block in extractBlogs'
     from /app/models/blog.rb:14:in `each'
     from /app/models/blog.rb:14:in `extractBlogs'
     from /app/models/blog.rb:9:in `blogByCategory'
     from /app/controllers/blogs_controller.rb:8:in `show'
  Blog Load (1.2ms)  SELECT  "blogs".* FROM "blogs" WHERE "blogs"."id" = ? LIMIT 1  [["id", 1]]
  Query Trace > /app/models/blog.rb:15:in `block in extractBlogs'
     from /app/models/blog.rb:14:in `each'
     from /app/models/blog.rb:14:in `extractBlogs'
     from /app/models/blog.rb:9:in `blogByCategory'
     from /app/controllers/blogs_controller.rb:8:in `show'
  Blog Load (1.0ms)  SELECT  "blogs".* FROM "blogs" WHERE "blogs"."id" = ? LIMIT 1  [["id", 2]]
  Query Trace > /app/models/blog.rb:15:in `block in extractBlogs'
     from /app/models/blog.rb:14:in `each'
     from /app/models/blog.rb:14:in `extractBlogs'
     from /app/models/blog.rb:9:in `blogByCategory'
     from /app/controllers/blogs_controller.rb:8:in `show'
  Blog Load (1.1ms)  SELECT  "blogs".* FROM "blogs" WHERE "blogs"."id" = ? LIMIT 1  [["id", 3]]
  Query Trace > /app/models/blog.rb:18:in `extractBlogs'
     from /app/models/blog.rb:9:in `blogByCategory'
     from /app/controllers/blogs_controller.rb:8:in `show'
  Blog Load (188.5ms)  SELECT "blogs".* FROM "blogs" WHERE "blogs"."category" = ?  [["category", "admin"]]